INFO:root:Sorterade kursers radnummer: 0
INFO:root:Kurser: afb.1992
INFO:root:Folderpath: /home/torbjorn/test_utbildning/afb/kursplaner_afb/Kursplaner afb.1992
INFO:root:Kursplannr: 22
INFO:root:Kurskod: BI0061
INFO:root:Filkod: BI0061.1996
INFO:root:Kurstillfällenr: 22
INFO:root:Filkod: BI0061.30001.0506
INFO:root:Kurstillfällenr: 22
INFO:root:Filkod: BI0061.30001.0607
INFO:root:Kurstillfällenr: 22
INFO:root:Filkod: BI0061.30003.0405
INFO:root:Kurstillfällenr: 22
INFO:root:Filkod: BI0061.38201.0203
INFO:root:Kurstillfällenr: 22
INFO:root:Filkod: BI0061.38201.0304
INFO:root:Kurstillfällenr: 22
INFO:root:Filkod: BI0061.38201.9900
INFO:root:Kurstillfällenr: 22
INFO:root:Filkod: BI0061.58201.0001
INFO:root:Kurstillfällenr: 22
INFO:root:Filkod: BI0061.68201.0102
INFO:root:Sorterade kursers radnummer: 1
INFO:root:Kurser: afb.1996
INFO:root:Folderpath: /home/torbjorn/test_utbildning/afb/kursplaner_afb/Kursplaner afb.1996
INFO:root:Kursplannr: 1489
INFO:root:Kurskod: BI7021
INFO:root:Filkod: BI7021.1996
